\BOOKMARK [1][-]{section*.1}{\376\377\000M\000e\000t\000a\000\040\000s\000t\000u\000f\000f}{}% 1
\BOOKMARK [-1][-]{part.1}{\376\377\000I\000\040\000T\000e\000o\000r\000\355\000a}{}% 2
\BOOKMARK [0][-]{chapter.1.1}{\376\377\000D\000i\000e\000l\000\351\000c\000t\000r\000i\000c\000o\000s\000\040\000y\000\040\000f\000e\000r\000r\000o\000e\000l\000\351\000c\000t\000r\000i\000c\000o\000s}{part.1}% 3
\BOOKMARK [1][-]{section*.4}{\376\377\000C\000a\000m\000p\000o\000\040\000e\000l\000\351\000c\000t\000r\000i\000c\000o\000\040\000m\000i\000c\000r\000o\000s\000c\000\363\000p\000i\000c\000o}{chapter.1.1}% 4
\BOOKMARK [1][-]{section*.5}{\376\377\000C\000a\000m\000p\000o\000\040\000e\000l\000\351\000c\000t\000r\000i\000c\000o\000\040\000l\000o\000c\000a\000l\000\040\000e\000n\000\040\000u\000n\000\040\000\341\000t\000o\000m\000o}{chapter.1.1}% 5
\BOOKMARK [1][-]{section*.6}{\376\377\000C\000o\000n\000s\000t\000a\000n\000t\000e\000\040\000d\000i\000e\000l\000\351\000c\000t\000r\000i\000c\000a\000\040\000y\000\040\000p\000o\000l\000a\000r\000i\000z\000a\000b\000i\000l\000i\000d\000a\000d}{chapter.1.1}% 6
\BOOKMARK [1][-]{section*.7}{\376\377\000O\000r\000i\000g\000e\000n\000\040\000d\000e\000\040\000l\000a\000\040\000p\000o\000l\000a\000r\000i\000z\000a\000b\000i\000l\000i\000d\000a\000d\000\040\000y\000\040\000r\000e\000s\000p\000u\000e\000s\000t\000a\000\040\000a\000\040\000c\000a\000m\000p\000o\000\040\000v\000a\000r\000i\000a\000b\000l\000e}{chapter.1.1}% 7
\BOOKMARK [1][-]{section*.11}{\376\377\000P\000i\000e\000z\000o\000e\000l\000e\000c\000t\000r\000i\000c\000i\000d\000a\000d}{chapter.1.1}% 8
\BOOKMARK [1][-]{section*.12}{\376\377\000F\000e\000r\000r\000o\000e\000l\000e\000c\000t\000r\000i\000c\000i\000d\000a\000d}{chapter.1.1}% 9
\BOOKMARK [1][-]{section*.15}{\376\377\000T\000r\000a\000n\000s\000i\000c\000i\000\363\000n\000\040\000f\000e\000r\000r\000o\000e\000l\000\351\000c\000t\000r\000i\000c\000a}{chapter.1.1}% 10
\BOOKMARK [1][-]{section*.18}{\376\377\000T\000e\000o\000r\000\355\000a\000\040\000d\000e\000\040\000L\000a\000n\000d\000a\000u\000\040\000d\000e\000\040\000l\000a\000s\000\040\000t\000r\000a\000n\000s\000i\000c\000i\000o\000n\000e\000s\000\040\000d\000e\000\040\000f\000a\000s\000e}{chapter.1.1}% 11
\BOOKMARK [0][-]{chapter.1.2}{\376\377\000S\000\363\000l\000i\000d\000o\000s\000\040\000m\000a\000g\000n\000\351\000t\000i\000c\000o\000s}{part.1}% 12
\BOOKMARK [1][-]{section*.19}{\376\377\000C\000l\000a\000s\000i\000f\000i\000c\000a\000c\000i\000\363\000n}{chapter.1.2}% 13
\BOOKMARK [1][-]{section*.20}{\376\377\000D\000i\000a\000m\000a\000g\000n\000e\000t\000i\000s\000m\000o}{chapter.1.2}% 14
\BOOKMARK [1][-]{section*.23}{\376\377\000P\000a\000r\000a\000m\000a\000g\000n\000e\000t\000i\000s\000m\000o}{chapter.1.2}% 15
\BOOKMARK [1][-]{section*.29}{\376\377\000F\000e\000r\000r\000o\000m\000a\000g\000n\000e\000t\000i\000s\000m\000o}{chapter.1.2}% 16
\BOOKMARK [1][-]{section*.30}{\376\377\000I\000n\000t\000e\000r\000a\000c\000c\000i\000\363\000n\000\040\000d\000e\000\040\000c\000a\000n\000j\000e}{chapter.1.2}% 17
\BOOKMARK [1][-]{section*.32}{\376\377\000T\000e\000o\000r\000\355\000a\000\040\000d\000e\000\040\000c\000a\000m\000p\000o\000\040\000m\000e\000d\000i\000o}{chapter.1.2}% 18
\BOOKMARK [1][-]{section*.34}{\376\377\000T\000e\000o\000r\000\355\000a\000\040\000d\000e\000\040\000L\000a\000n\000d\000a\000u\000\040\000d\000e\000\040\000t\000r\000a\000n\000s\000i\000c\000i\000o\000n\000e\000s\000\040\000d\000e\000\040\000f\000a\000s\000e}{chapter.1.2}% 19
\BOOKMARK [1][-]{section*.35}{\376\377\000C\000r\000i\000t\000e\000r\000i\000o\000\040\000d\000e\000\040\000S\000t\000o\000n\000e\000r}{chapter.1.2}% 20
\BOOKMARK [1][-]{section*.36}{\376\377\000S\000p\000i\000n\000\040\000w\000a\000v\000e\000s}{chapter.1.2}% 21
\BOOKMARK [0][-]{chapter.1.3}{\376\377\000I\000n\000t\000e\000r\000a\000c\000c\000i\000o\000n\000e\000s\000\040\000f\000e\000r\000r\000o\000m\000a\000g\000n\000\351\000t\000i\000c\000a\000s}{part.1}% 22
\BOOKMARK [1][-]{section*.38}{\376\377\000I\000n\000t\000e\000r\000a\000c\000c\000i\000o\000n\000e\000s\000\040\000m\000a\000g\000n\000\351\000t\000i\000c\000a\000s\000\040\000e\000n\000\040\000m\000e\000t\000a\000l\000e\000s}{chapter.1.3}% 23
\BOOKMARK [1][-]{section*.41}{\376\377\000I\000n\000t\000e\000r\000a\000c\000c\000i\000o\000n\000e\000s\000\040\000m\000a\000g\000n\000\351\000t\000i\000c\000a\000s\000\040\000e\000n\000\040\000a\000i\000s\000l\000a\000n\000t\000e\000s}{chapter.1.3}% 24
\BOOKMARK [1][-]{section*.44}{\376\377\000A\000n\000t\000i\000f\000e\000r\000r\000o\000m\000a\000g\000n\000e\000t\000i\000s\000m\000o\000\040\000y\000\040\000f\000e\000r\000r\000i\000m\000a\000g\000n\000e\000t\000i\000s\000m\000o}{chapter.1.3}% 25
\BOOKMARK [1][-]{section*.45}{\376\377\000D\000o\000m\000i\000n\000i\000o\000s\000\040\000f\000e\000r\000r\000o\000m\000a\000g\000n\000\351\000t\000i\000c\000o\000s}{chapter.1.3}% 26
\BOOKMARK [0][-]{chapter.1.4}{\376\377\000S\000u\000p\000e\000r\000c\000o\000n\000d\000u\000c\000t\000i\000v\000i\000d\000a\000d}{part.1}% 27
\BOOKMARK [1][-]{section*.48}{\376\377\000E\000f\000e\000c\000t\000o\000\040\000M\000e\000i\000s\000s\000n\000e\000r}{chapter.1.4}% 28
\BOOKMARK [1][-]{section*.49}{\376\377\000G\000a\000p\000\040\000s\000u\000p\000e\000r\000c\000o\000n\000d\000u\000c\000t\000o\000r}{chapter.1.4}% 29
\BOOKMARK [1][-]{section*.50}{\376\377\000E\000c\000u\000a\000c\000i\000\363\000n\000\040\000d\000e\000\040\000L\000o\000n\000d\000o\000n}{chapter.1.4}% 30
\BOOKMARK [1][-]{section*.51}{\376\377\000A\000s\000p\000e\000c\000t\000o\000s\000\040\000b\000\341\000s\000i\000c\000o\000s\000\040\000d\000e\000\040\000l\000a\000\040\000t\000e\000o\000r\000\355\000a\000\040\000B\000C\000S}{chapter.1.4}% 31
\BOOKMARK [1][-]{section*.53}{\376\377\000S\000u\000p\000e\000r\000c\000o\000n\000d\000u\000c\000t\000o\000r\000e\000s\000\040\000t\000i\000p\000o\000\040\000I\000I}{chapter.1.4}% 32
\BOOKMARK [1][-]{section*.56}{\376\377\000R\000e\000f\000l\000e\000x\000i\000o\000n\000e\000s\000\040\000d\000e\000\040\000A\000n\000d\000r\000e\000e\000v}{chapter.1.4}% 33
\BOOKMARK [0][-]{chapter.1.5}{\376\377\000N\000a\000n\000o\000c\000i\000e\000n\000c\000i\000a}{part.1}% 34
\BOOKMARK [1][-]{section*.57}{\376\377\000N\000a\000n\000o\000p\000a\000r\000t\000\355\000c\000u\000l\000a\000s}{chapter.1.5}% 35
\BOOKMARK [1][-]{section*.58}{\376\377\000E\000s\000p\000e\000c\000t\000r\000o\000s\000c\000o\000p\000\355\000a}{chapter.1.5}% 36
\BOOKMARK [1][-]{section*.59}{\376\377\000N\000a\000n\000o\000p\000a\000r\000t\000\355\000c\000u\000l\000a\000s}{chapter.1.5}% 37
\BOOKMARK [1][-]{section*.61}{\376\377\000T\000h\000i\000n\000\040\000f\000i\000l\000m\000s}{chapter.1.5}% 38
\BOOKMARK [-1][-]{part.2}{\376\377\000I\000I\000\040\000E\000j\000e\000r\000c\000i\000c\000i\000o\000s}{}% 39
