\BOOKMARK [-1][-]{part.1}{\376\377\000I\000\040\000I\000n\000f\000o\000r\000m\000a\000c\000i\000\363\000n\000\040\000c\000u\000\341\000n\000t\000i\000c\000a}{}% 1
\BOOKMARK [0][-]{chapter.1}{\376\377\000P\000o\000s\000t\000u\000l\000a\000d\000o\000s}{part.1}% 2
\BOOKMARK [1][-]{section.1.1}{\376\377\000E\000s\000p\000a\000c\000i\000o\000\040\000d\000e\000\040\000e\000s\000t\000a\000d\000o\000s}{chapter.1}% 3
\BOOKMARK [1][-]{section.1.2}{\376\377\000E\000v\000o\000l\000u\000c\000i\000\363\000n}{chapter.1}% 4
\BOOKMARK [1][-]{section.1.3}{\376\377\000M\000e\000d\000i\000d\000a}{chapter.1}% 5
\BOOKMARK [1][-]{section.1.4}{\376\377\000P\000r\000i\000n\000c\000i\000p\000i\000o\000\040\000d\000e\000\040\000i\000n\000d\000e\000t\000e\000r\000m\000i\000n\000a\000c\000i\000\363\000n\000\040\000d\000e\000\040\000H\000e\000i\000s\000e\000n\000b\000e\000r\000g}{chapter.1}% 6
\BOOKMARK [0][-]{chapter.2}{\376\377\000E\000s\000t\000a\000d\000o\000s\000\040\000m\000e\000z\000c\000l\000a\000,\000\040\000o\000p\000e\000r\000a\000d\000o\000r\000\040\000d\000e\000n\000s\000i\000d\000a\000d}{part.1}% 7
\BOOKMARK [1][-]{section.2.1}{\376\377\000O\000p\000e\000r\000a\000d\000o\000r\000\040\000d\000e\000n\000s\000i\000d\000a\000d}{chapter.2}% 8
\BOOKMARK [1][-]{section.2.2}{\376\377\000E\000v\000o\000l\000u\000c\000i\000\363\000n}{chapter.2}% 9
\BOOKMARK [1][-]{section.2.3}{\376\377\000M\000e\000d\000i\000d\000a}{chapter.2}% 10
\BOOKMARK [0][-]{chapter.3}{\376\377\000E\000s\000t\000a\000d\000o\000s\000\040\000c\000o\000m\000p\000u\000e\000s\000t\000o\000s}{part.1}% 11
\BOOKMARK [1][-]{section.3.1}{\376\377\000P\000r\000o\000d\000u\000c\000t\000o\000\040\000t\000e\000n\000s\000o\000r\000i\000a\000l}{chapter.3}% 12
\BOOKMARK [1][-]{section.3.2}{\376\377\000O\000p\000e\000r\000a\000d\000o\000r\000e\000s\000\040\000e\000n\000\040\000e\000l\000\040\000e\000s\000p\000a\000c\000i\000o\000\040\000p\000r\000o\000d\000u\000c\000t\000o\000\040\000t\000e\000n\000s\000o\000r\000i\000a\000l}{chapter.3}% 13
\BOOKMARK [1][-]{section.3.3}{\376\377\000O\000p\000e\000r\000a\000d\000o\000r\000\040\000d\000e\000n\000s\000i\000d\000a\000d}{chapter.3}% 14
\BOOKMARK [1][-]{section.3.4}{\376\377\000E\000n\000t\000r\000e\000l\000a\000z\000a\000m\000i\000e\000n\000t\000o\000\040\000y\000\040\000d\000e\000c\000o\000h\000e\000r\000e\000n\000c\000i\000a}{chapter.3}% 15
\BOOKMARK [1][-]{section.3.5}{\376\377\000P\000a\000r\000t\000\355\000c\000u\000l\000a\000s\000\040\000i\000d\000\351\000n\000t\000i\000c\000a\000s}{chapter.3}% 16
\BOOKMARK [0][-]{chapter.4}{\376\377\000E\000x\000p\000e\000r\000i\000m\000e\000n\000t\000o\000\040\000E\000P\000R}{part.1}% 17
\BOOKMARK [1][-]{section.4.1}{\376\377\000T\000e\000l\000e\000p\000o\000r\000t\000a\000c\000i\000\363\000n\000\040\000c\000u\000\341\000n\000t\000i\000c\000a}{chapter.4}% 18
\BOOKMARK [0][-]{chapter.5}{\376\377\000C\000o\000m\000p\000u\000t\000a\000c\000i\000\363\000n\000\040\000c\000u\000\341\000n\000t\000i\000c\000a}{part.1}% 19
\BOOKMARK [1][-]{section.5.1}{\376\377\000A\000l\000g\000o\000r\000i\000t\000m\000o\000\040\000d\000e\000\040\000S\000i\000m\000o\000n\000s}{chapter.5}% 20
\BOOKMARK [1][-]{section.5.2}{\376\377\000C\000i\000r\000c\000u\000i\000t\000o\000s\000\040\000c\000u\000\341\000n\000t\000i\000c\000o\000s}{chapter.5}% 21
\BOOKMARK [1][-]{section.5.3}{\376\377\000O\000r\000d\000e\000n\000a\000d\000o\000r\000\040\000d\000e\000\040\000i\000o\000n\000e\000s\000\040\000a\000t\000r\000a\000p\000a\000d\000o\000s}{chapter.5}% 22
\BOOKMARK [-1][-]{part.2}{\376\377\000I\000I\000\040\000M\000e\000c\000\341\000n\000i\000c\000a\000\040\000c\000u\000\341\000n\000t\000i\000c\000a\000\040\000r\000e\000l\000a\000t\000i\000v\000i\000s\000t\000a}{}% 23
\BOOKMARK [0][-]{chapter.6}{\376\377\000M\000e\000c\000\341\000n\000i\000c\000a\000\040\000c\000u\000\341\000n\000t\000i\000c\000a\000\040\000n\000o\000\040\000r\000e\000l\000a\000t\000i\000v\000i\000s\000t\000a\000\040\000d\000e\000\040\000F\000e\000y\000n\000m\000a\000n\000n}{part.2}% 24
\BOOKMARK [1][-]{section.6.1}{\376\377\000A\000c\000c\000i\000\363\000n\000\040\000c\000l\000\341\000s\000i\000c\000a}{chapter.6}% 25
\BOOKMARK [1][-]{section.6.2}{\376\377\000F\000o\000r\000m\000u\000l\000a\000c\000i\000\363\000n\000\040\000d\000e\000\040\000F\000e\000y\000n\000m\000a\000n\000n}{chapter.6}% 26
\BOOKMARK [1][-]{section.6.3}{\376\377\000O\000s\000c\000i\000l\000a\000d\000o\000r\000\040\000a\000r\000m\000\363\000n\000i\000c\000o}{chapter.6}% 27
\BOOKMARK [0][-]{chapter.7}{\376\377\000B\000r\000e\000v\000e\000\040\000r\000e\000p\000a\000s\000o\000\040\000d\000e\000\040\000l\000a\000\040\000r\000e\000l\000a\000t\000i\000v\000i\000d\000a\000d\000\040\000e\000s\000p\000e\000c\000i\000a\000l}{part.2}% 28
\BOOKMARK [1][-]{section.7.1}{\376\377\000N\000o\000t\000a\000c\000i\000\363\000n}{chapter.7}% 29
\BOOKMARK [1][-]{section.7.2}{\376\377\000P\000o\000t\000e\000n\000c\000i\000a\000l\000\040\000y\000\040\000t\000e\000n\000s\000o\000r\000\040\000e\000l\000e\000c\000t\000r\000o\000m\000a\000g\000n\000\351\000t\000i\000c\000o}{chapter.7}% 30
\BOOKMARK [0][-]{chapter.8}{\376\377\000L\000a\000\040\000e\000c\000u\000a\000c\000i\000\363\000n\000\040\000d\000e\000\040\000K\000l\000e\000i\000n\000-\000G\000o\000r\000d\000o\000n}{part.2}% 31
\BOOKMARK [1][-]{section.8.1}{\376\377\000I\000n\000t\000e\000r\000a\000c\000c\000i\000\363\000n\000\040\000c\000o\000n\000\040\000u\000n\000\040\000c\000a\000m\000p\000o\000\040\000E\000M}{chapter.8}% 32
\BOOKMARK [1][-]{section.8.2}{\376\377\000E\000c\000u\000a\000c\000i\000\363\000n\000\040\000d\000e\000\040\000K\000l\000e\000i\000n\000-\000G\000o\000r\000d\000o\000n\000\040\000c\000o\000m\000o\000\040\000s\000i\000s\000t\000e\000m\000a\000\040\000d\000e\000\040\000e\000c\000u\000a\000c\000i\000o\000n\000e\000s}{chapter.8}% 33
\BOOKMARK [0][-]{chapter.9}{\376\377\000L\000a\000\040\000e\000c\000u\000a\000c\000i\000\363\000n\000\040\000d\000e\000\040\000D\000i\000r\000a\000c}{part.2}% 34
\BOOKMARK [1][-]{section.9.1}{\376\377\000E\000c\000u\000a\000c\000i\000\363\000n\000\040\000d\000e\000\040\000D\000i\000r\000a\000c\000\040\000e\000n\000\040\000p\000a\000r\000t\000\355\000c\000u\000l\000a\000s\000\040\000l\000i\000b\000r\000e\000s}{chapter.9}% 35
\BOOKMARK [1][-]{section.9.2}{\376\377\000O\000p\000e\000r\000a\000d\000o\000r\000e\000s}{chapter.9}% 36
\BOOKMARK [1][-]{section.9.3}{\376\377\000P\000a\000q\000u\000e\000t\000e\000s\000\040\000d\000e\000\040\000o\000n\000d\000a\000s\000\040\000p\000l\000a\000n\000a\000s\000,\000\040\000Z\000i\000t\000t\000e\000r\000b\000e\000w\000e\000g\000u\000n\000g}{chapter.9}% 37
\BOOKMARK [1][-]{section.9.4}{\376\377\000E\000l\000\040\000\341\000t\000o\000m\000o\000\040\000d\000e\000\040\000h\000i\000d\000r\000\363\000g\000e\000n\000o}{chapter.9}% 38
